<?xml version='1.0' encoding='UTF-8'?>
<testsuite hostname="merllab" name="Single_Cycle.PipelineTester" tests="1" errors="0" failures="1" skipped="0" time="0.753" timestamp="2023-12-08T19:53:45">
          <properties>
[...]
</properties>
          <testcase classname="Single_Cycle.PipelineTester" name="Pipeline Test" time="0.753">
                      <failure message="Connection between sink (Bool(IO in unelaborated Decode)) and source (Bool(IO io_dobranch in CU)) failed @: Sink is unwriteable by current module." type="chisel3.internal.ChiselException">chisel3.internal.ChiselException: Connection between sink (Bool(IO in unelaborated Decode)) and source (Bool(IO io_dobranch in CU)) failed @: Sink is unwriteable by current module.
	at ... ()
	at Single_Cycle.Decode.&lt;init&gt;(Decode.scala:60)
	at Single_Cycle.TopCore_5stage.$anonfun$Decode$2(TopCore_5stage.scala:12)
	at chisel3.Module$.do_apply(Module.scala:54)
	at Single_Cycle.TopCore_5stage.$anonfun$Decode$1(TopCore_5stage.scala:12)
	at chisel3.internal.plugin.package$.autoNameRecursively(package.scala:52)
	at Single_Cycle.TopCore_5stage.&lt;init&gt;(TopCore_5stage.scala:12)
	at Single_Cycle.PipelineTester.$anonfun$new$2(PipelineTester.scala:8)
	at ... ()
	at ... (Stack trace trimmed to user code only. Rerun with --full-stacktrace to see the full stack trace)
</failure>
                    </testcase>
          <system-out><![CDATA[]]></system-out>
          <system-err><![CDATA[]]></system-err>
        </testsuite>